nohup: ignoring input
[2025-09-23 02:48:33 +0900] [6765] [INFO] Starting gunicorn 23.0.0
[2025-09-23 02:48:33 +0900] [6765] [INFO] Listening at: http://127.0.0.1:8000 (6765)
[2025-09-23 02:48:33 +0900] [6765] [INFO] Using worker: gthread
[2025-09-23 02:48:33 +0900] [6776] [INFO] Booting worker with pid: 6776
Not Found: /static/css/styles.css
Not Found: /static/css/icons/telegram.svg
Not Found: /static/css/styles.css
Not Found: /static/css/icons/telegram.svg
Not Found: /lendig/
Not Found: /static/css/styles.css
Not Found: /static/css/icons/telegram.svg
Not Found: /static/css/icons/telegram.svg
Not Found: /static/css/styles.css
Not Found: /static/css/icons/telegram.svg
Not Found: /static/css/styles.css
Not Found: /static/css/styles.css
Not Found: /static/css/icons/telegram.svg
Not Found: /static/css/styles.css
Not Found: /static/css/icons/telegram.svg
[2025-09-23 02:51:10 +0900] [6765] [INFO] Handling signal: term
[2025-09-22 20:51:10 +0300] [6776] [INFO] Worker exiting (pid: 6776)
[2025-09-23 02:51:12 +0900] [6765] [INFO] Shutting down: Master
Failed to fetch updates - TelegramNetworkError: HTTP Client says - Request timeout error
Sleep for 1.000000 seconds and try again... (tryings = 0, bot id = 7627679568)
Failed to fetch updates - TelegramNetworkError: HTTP Client says - ClientConnectorError: Cannot connect to host api.telegram.org:443 ssl:default [Network is unreachable]
Sleep for 1.258453 seconds and try again... (tryings = 1, bot id = 7627679568)
Failed to fetch updates - TelegramNetworkError: HTTP Client says - ClientConnectorError: Cannot connect to host api.telegram.org:443 ssl:default [Network is unreachable]
Sleep for 1.647912 seconds and try again... (tryings = 2, bot id = 7627679568)
Failed to fetch updates - TelegramNetworkError: HTTP Client says - ClientConnectorError: Cannot connect to host api.telegram.org:443 ssl:default [Network is unreachable]
Sleep for 2.126934 seconds and try again... (tryings = 3, bot id = 7627679568)
Failed to fetch updates - TelegramNetworkError: HTTP Client says - ClientConnectorError: Cannot connect to host api.telegram.org:443 ssl:default [Network is unreachable]
Sleep for 2.585209 seconds and try again... (tryings = 4, bot id = 7627679568)
Failed to fetch updates - TelegramNetworkError: HTTP Client says - ClientConnectorError: Cannot connect to host api.telegram.org:443 ssl:default [Network is unreachable]
Sleep for 3.494236 seconds and try again... (tryings = 5, bot id = 7627679568)
Failed to fetch updates - TelegramNetworkError: HTTP Client says - ClientConnectorError: Cannot connect to host api.telegram.org:443 ssl:default [Network is unreachable]
Sleep for 4.493188 seconds and try again... (tryings = 6, bot id = 7627679568)
Failed to fetch updates - TelegramNetworkError: HTTP Client says - ClientConnectorError: Cannot connect to host api.telegram.org:443 ssl:default [Network is unreachable]
Sleep for 5.077764 seconds and try again... (tryings = 7, bot id = 7627679568)
Failed to fetch updates - TelegramNetworkError: HTTP Client says - ClientConnectorError: Cannot connect to host api.telegram.org:443 ssl:default [Network is unreachable]
Sleep for 5.021168 seconds and try again... (tryings = 8, bot id = 7627679568)
Failed to fetch updates - TelegramNetworkError: HTTP Client says - ClientConnectorError: Cannot connect to host api.telegram.org:443 ssl:default [Network is unreachable]
Sleep for 5.129021 seconds and try again... (tryings = 9, bot id = 7627679568)
Failed to fetch updates - TelegramNetworkError: HTTP Client says - ClientConnectorError: Cannot connect to host api.telegram.org:443 ssl:default [Network is unreachable]
Sleep for 5.002252 seconds and try again... (tryings = 10, bot id = 7627679568)
Failed to fetch updates - TelegramNetworkError: HTTP Client says - ClientConnectorError: Cannot connect to host api.telegram.org:443 ssl:default [Network is unreachable]
Sleep for 4.976116 seconds and try again... (tryings = 11, bot id = 7627679568)
Failed to fetch updates - TelegramNetworkError: HTTP Client says - ClientConnectorError: Cannot connect to host api.telegram.org:443 ssl:default [Network is unreachable]
Sleep for 5.055238 seconds and try again... (tryings = 12, bot id = 7627679568)
Failed to fetch updates - TelegramNetworkError: HTTP Client says - ClientConnectorError: Cannot connect to host api.telegram.org:443 ssl:default [Network is unreachable]
Sleep for 4.988641 seconds and try again... (tryings = 13, bot id = 7627679568)
Failed to fetch updates - TelegramNetworkError: HTTP Client says - ClientConnectorError: Cannot connect to host api.telegram.org:443 ssl:default [Network is unreachable]
Sleep for 4.864266 seconds and try again... (tryings = 14, bot id = 7627679568)
Failed to fetch updates - TelegramNetworkError: HTTP Client says - ClientConnectorError: Cannot connect to host api.telegram.org:443 ssl:default [Network is unreachable]
Sleep for 5.049992 seconds and try again... (tryings = 15, bot id = 7627679568)
Failed to fetch updates - TelegramNetworkError: HTTP Client says - ClientConnectorError: Cannot connect to host api.telegram.org:443 ssl:default [Network is unreachable]
Sleep for 5.142310 seconds and try again... (tryings = 16, bot id = 7627679568)
Failed to fetch updates - TelegramNetworkError: HTTP Client says - ClientConnectorError: Cannot connect to host api.telegram.org:443 ssl:default [Network is unreachable]
Sleep for 4.955864 seconds and try again... (tryings = 17, bot id = 7627679568)
Failed to fetch updates - TelegramNetworkError: HTTP Client says - ClientConnectorError: Cannot connect to host api.telegram.org:443 ssl:default [Network is unreachable]
Sleep for 4.891281 seconds and try again... (tryings = 18, bot id = 7627679568)
Failed to fetch updates - TelegramNetworkError: HTTP Client says - ClientConnectorError: Cannot connect to host api.telegram.org:443 ssl:default [Network is unreachable]
Sleep for 5.208069 seconds and try again... (tryings = 19, bot id = 7627679568)
Failed to fetch updates - TelegramNetworkError: HTTP Client says - ClientConnectorError: Cannot connect to host api.telegram.org:443 ssl:default [Network is unreachable]
Sleep for 5.046734 seconds and try again... (tryings = 20, bot id = 7627679568)
Failed to fetch updates - TelegramNetworkError: HTTP Client says - ClientConnectorError: Cannot connect to host api.telegram.org:443 ssl:default [Network is unreachable]
Sleep for 5.081743 seconds and try again... (tryings = 21, bot id = 7627679568)
Failed to fetch updates - TelegramNetworkError: HTTP Client says - ClientConnectorError: Cannot connect to host api.telegram.org:443 ssl:default [Network is unreachable]
Sleep for 5.172080 seconds and try again... (tryings = 22, bot id = 7627679568)
Failed to fetch updates - TelegramNetworkError: HTTP Client says - ClientConnectorError: Cannot connect to host api.telegram.org:443 ssl:default [Network is unreachable]
Sleep for 5.007204 seconds and try again... (tryings = 23, bot id = 7627679568)
Failed to fetch updates - TelegramNetworkError: HTTP Client says - ClientConnectorError: Cannot connect to host api.telegram.org:443 ssl:default [Network is unreachable]
Sleep for 5.136136 seconds and try again... (tryings = 24, bot id = 7627679568)
Failed to fetch updates - TelegramNetworkError: HTTP Client says - ClientConnectorError: Cannot connect to host api.telegram.org:443 ssl:default [Network is unreachable]
Sleep for 5.029713 seconds and try again... (tryings = 25, bot id = 7627679568)
Failed to fetch updates - TelegramNetworkError: HTTP Client says - ClientConnectorError: Cannot connect to host api.telegram.org:443 ssl:default [Network is unreachable]
Sleep for 5.086624 seconds and try again... (tryings = 26, bot id = 7627679568)
Failed to fetch updates - TelegramNetworkError: HTTP Client says - ClientConnectorError: Cannot connect to host api.telegram.org:443 ssl:default [Network is unreachable]
Sleep for 5.209637 seconds and try again... (tryings = 27, bot id = 7627679568)
Failed to fetch updates - TelegramNetworkError: HTTP Client says - ClientConnectorError: Cannot connect to host api.telegram.org:443 ssl:default [Network is unreachable]
Sleep for 4.869821 seconds and try again... (tryings = 28, bot id = 7627679568)
Failed to fetch updates - TelegramNetworkError: HTTP Client says - ClientConnectorError: Cannot connect to host api.telegram.org:443 ssl:default [Network is unreachable]
Sleep for 5.028434 seconds and try again... (tryings = 29, bot id = 7627679568)
Failed to fetch updates - TelegramNetworkError: HTTP Client says - ClientConnectorError: Cannot connect to host api.telegram.org:443 ssl:default [Network is unreachable]
Sleep for 4.901932 seconds and try again... (tryings = 30, bot id = 7627679568)
Failed to fetch updates - TelegramNetworkError: HTTP Client says - ClientConnectorError: Cannot connect to host api.telegram.org:443 ssl:default [Network is unreachable]
Sleep for 5.032747 seconds and try again... (tryings = 31, bot id = 7627679568)
Failed to fetch updates - TelegramNetworkError: HTTP Client says - ClientConnectorError: Cannot connect to host api.telegram.org:443 ssl:default [Network is unreachable]
Sleep for 5.007021 seconds and try again... (tryings = 32, bot id = 7627679568)
Failed to fetch updates - TelegramNetworkError: HTTP Client says - ClientConnectorError: Cannot connect to host api.telegram.org:443 ssl:default [Network is unreachable]
Sleep for 4.827748 seconds and try again... (tryings = 33, bot id = 7627679568)
Failed to fetch updates - TelegramNetworkError: HTTP Client says - ClientConnectorError: Cannot connect to host api.telegram.org:443 ssl:default [Network is unreachable]
Sleep for 4.951132 seconds and try again... (tryings = 34, bot id = 7627679568)
Failed to fetch updates - TelegramNetworkError: HTTP Client says - ClientConnectorError: Cannot connect to host api.telegram.org:443 ssl:default [Network is unreachable]
Sleep for 4.882611 seconds and try again... (tryings = 35, bot id = 7627679568)
Failed to fetch updates - TelegramNetworkError: HTTP Client says - ClientConnectorError: Cannot connect to host api.telegram.org:443 ssl:default [Network is unreachable]
Sleep for 5.055294 seconds and try again... (tryings = 36, bot id = 7627679568)
Failed to fetch updates - TelegramNetworkError: HTTP Client says - ClientConnectorError: Cannot connect to host api.telegram.org:443 ssl:default [Network is unreachable]
Sleep for 4.862420 seconds and try again... (tryings = 37, bot id = 7627679568)
Failed to fetch updates - TelegramNetworkError: HTTP Client says - ClientConnectorError: Cannot connect to host api.telegram.org:443 ssl:default [Network is unreachable]
Sleep for 4.857641 seconds and try again... (tryings = 38, bot id = 7627679568)
Failed to fetch updates - TelegramNetworkError: HTTP Client says - ClientConnectorError: Cannot connect to host api.telegram.org:443 ssl:default [Network is unreachable]
Sleep for 4.992183 seconds and try again... (tryings = 39, bot id = 7627679568)
Failed to fetch updates - TelegramNetworkError: HTTP Client says - ClientConnectorError: Cannot connect to host api.telegram.org:443 ssl:default [Network is unreachable]
Sleep for 5.010039 seconds and try again... (tryings = 40, bot id = 7627679568)
Failed to fetch updates - TelegramNetworkError: HTTP Client says - ClientConnectorError: Cannot connect to host api.telegram.org:443 ssl:default [Network is unreachable]
Sleep for 4.931673 seconds and try again... (tryings = 41, bot id = 7627679568)
Failed to fetch updates - TelegramNetworkError: HTTP Client says - ClientConnectorError: Cannot connect to host api.telegram.org:443 ssl:default [Network is unreachable]
Sleep for 4.972959 seconds and try again... (tryings = 42, bot id = 7627679568)
Failed to fetch updates - TelegramNetworkError: HTTP Client says - ClientConnectorError: Cannot connect to host api.telegram.org:443 ssl:default [Network is unreachable]
Sleep for 4.923476 seconds and try again... (tryings = 43, bot id = 7627679568)
Failed to fetch updates - TelegramNetworkError: HTTP Client says - ClientConnectorError: Cannot connect to host api.telegram.org:443 ssl:default [Network is unreachable]
Sleep for 4.939600 seconds and try again... (tryings = 44, bot id = 7627679568)
Failed to fetch updates - TelegramNetworkError: HTTP Client says - ClientConnectorError: Cannot connect to host api.telegram.org:443 ssl:default [Network is unreachable]
Sleep for 5.068297 seconds and try again... (tryings = 45, bot id = 7627679568)
Failed to fetch updates - TelegramNetworkError: HTTP Client says - ClientConnectorError: Cannot connect to host api.telegram.org:443 ssl:default [Network is unreachable]
Sleep for 4.935642 seconds and try again... (tryings = 46, bot id = 7627679568)
Failed to fetch updates - TelegramNetworkError: HTTP Client says - ClientConnectorError: Cannot connect to host api.telegram.org:443 ssl:default [Network is unreachable]
Sleep for 5.064567 seconds and try again... (tryings = 47, bot id = 7627679568)
Failed to fetch updates - TelegramNetworkError: HTTP Client says - ClientConnectorError: Cannot connect to host api.telegram.org:443 ssl:default [Network is unreachable]
Sleep for 5.101133 seconds and try again... (tryings = 48, bot id = 7627679568)
Failed to fetch updates - TelegramNetworkError: HTTP Client says - ClientConnectorError: Cannot connect to host api.telegram.org:443 ssl:default [Network is unreachable]
Sleep for 5.049371 seconds and try again... (tryings = 49, bot id = 7627679568)
Failed to fetch updates - TelegramNetworkError: HTTP Client says - ClientConnectorError: Cannot connect to host api.telegram.org:443 ssl:default [Network is unreachable]
Sleep for 5.137111 seconds and try again... (tryings = 50, bot id = 7627679568)
Failed to fetch updates - TelegramNetworkError: HTTP Client says - ClientConnectorError: Cannot connect to host api.telegram.org:443 ssl:default [Network is unreachable]
Sleep for 4.902187 seconds and try again... (tryings = 51, bot id = 7627679568)
Failed to fetch updates - TelegramNetworkError: HTTP Client says - ClientConnectorError: Cannot connect to host api.telegram.org:443 ssl:default [Network is unreachable]
Sleep for 4.962123 seconds and try again... (tryings = 52, bot id = 7627679568)
Failed to fetch updates - TelegramNetworkError: HTTP Client says - ClientConnectorError: Cannot connect to host api.telegram.org:443 ssl:default [Network is unreachable]
Sleep for 4.930377 seconds and try again... (tryings = 53, bot id = 7627679568)
Failed to fetch updates - TelegramNetworkError: HTTP Client says - ClientConnectorError: Cannot connect to host api.telegram.org:443 ssl:default [Network is unreachable]
Sleep for 4.977501 seconds and try again... (tryings = 54, bot id = 7627679568)
Failed to fetch updates - TelegramNetworkError: HTTP Client says - ClientConnectorError: Cannot connect to host api.telegram.org:443 ssl:default [Network is unreachable]
Sleep for 5.034667 seconds and try again... (tryings = 55, bot id = 7627679568)
Failed to fetch updates - TelegramNetworkError: HTTP Client says - ClientConnectorError: Cannot connect to host api.telegram.org:443 ssl:default [Network is unreachable]
Sleep for 5.047400 seconds and try again... (tryings = 56, bot id = 7627679568)
Failed to fetch updates - TelegramNetworkError: HTTP Client says - ClientConnectorError: Cannot connect to host api.telegram.org:443 ssl:default [Network is unreachable]
Sleep for 4.917790 seconds and try again... (tryings = 57, bot id = 7627679568)
Failed to fetch updates - TelegramNetworkError: HTTP Client says - ClientConnectorError: Cannot connect to host api.telegram.org:443 ssl:default [Network is unreachable]
Sleep for 4.861000 seconds and try again... (tryings = 58, bot id = 7627679568)
Failed to fetch updates - TelegramNetworkError: HTTP Client says - ClientConnectorError: Cannot connect to host api.telegram.org:443 ssl:default [Network is unreachable]
Sleep for 4.933527 seconds and try again... (tryings = 59, bot id = 7627679568)
Failed to fetch updates - TelegramNetworkError: HTTP Client says - ClientConnectorError: Cannot connect to host api.telegram.org:443 ssl:default [Network is unreachable]
Sleep for 5.053463 seconds and try again... (tryings = 60, bot id = 7627679568)
Failed to fetch updates - TelegramNetworkError: HTTP Client says - ClientConnectorError: Cannot connect to host api.telegram.org:443 ssl:default [Network is unreachable]
Sleep for 4.870768 seconds and try again... (tryings = 61, bot id = 7627679568)
Failed to fetch updates - TelegramNetworkError: HTTP Client says - ClientConnectorError: Cannot connect to host api.telegram.org:443 ssl:default [Network is unreachable]
Sleep for 5.053840 seconds and try again... (tryings = 62, bot id = 7627679568)
Failed to fetch updates - TelegramNetworkError: HTTP Client says - ClientConnectorError: Cannot connect to host api.telegram.org:443 ssl:default [Network is unreachable]
Sleep for 4.991112 seconds and try again... (tryings = 63, bot id = 7627679568)
Failed to fetch updates - TelegramNetworkError: HTTP Client says - ClientConnectorError: Cannot connect to host api.telegram.org:443 ssl:default [Network is unreachable]
Sleep for 5.037904 seconds and try again... (tryings = 64, bot id = 7627679568)
Failed to fetch updates - TelegramNetworkError: HTTP Client says - ClientConnectorError: Cannot connect to host api.telegram.org:443 ssl:default [Network is unreachable]
Sleep for 4.942633 seconds and try again... (tryings = 65, bot id = 7627679568)
Failed to fetch updates - TelegramNetworkError: HTTP Client says - ClientConnectorError: Cannot connect to host api.telegram.org:443 ssl:default [Network is unreachable]
Sleep for 5.024798 seconds and try again... (tryings = 66, bot id = 7627679568)
Failed to fetch updates - TelegramNetworkError: HTTP Client says - ClientConnectorError: Cannot connect to host api.telegram.org:443 ssl:default [Network is unreachable]
Sleep for 4.960191 seconds and try again... (tryings = 67, bot id = 7627679568)
Failed to fetch updates - TelegramNetworkError: HTTP Client says - ClientConnectorError: Cannot connect to host api.telegram.org:443 ssl:default [Network is unreachable]
Sleep for 5.134584 seconds and try again... (tryings = 68, bot id = 7627679568)
Failed to fetch updates - TelegramNetworkError: HTTP Client says - ClientConnectorError: Cannot connect to host api.telegram.org:443 ssl:default [Network is unreachable]
Sleep for 4.968160 seconds and try again... (tryings = 69, bot id = 7627679568)
Failed to fetch updates - TelegramNetworkError: HTTP Client says - ClientConnectorError: Cannot connect to host api.telegram.org:443 ssl:default [Network is unreachable]
Sleep for 5.122800 seconds and try again... (tryings = 70, bot id = 7627679568)
Failed to fetch updates - TelegramNetworkError: HTTP Client says - ClientConnectorError: Cannot connect to host api.telegram.org:443 ssl:default [Network is unreachable]
Sleep for 5.138068 seconds and try again... (tryings = 71, bot id = 7627679568)
Failed to fetch updates - TelegramNetworkError: HTTP Client says - ClientConnectorError: Cannot connect to host api.telegram.org:443 ssl:default [Network is unreachable]
Sleep for 4.997913 seconds and try again... (tryings = 72, bot id = 7627679568)
Failed to fetch updates - TelegramNetworkError: HTTP Client says - ClientConnectorError: Cannot connect to host api.telegram.org:443 ssl:default [Network is unreachable]
Sleep for 4.955956 seconds and try again... (tryings = 73, bot id = 7627679568)
Failed to fetch updates - TelegramNetworkError: HTTP Client says - ClientConnectorError: Cannot connect to host api.telegram.org:443 ssl:default [Network is unreachable]
Sleep for 4.991279 seconds and try again... (tryings = 74, bot id = 7627679568)
Failed to fetch updates - TelegramNetworkError: HTTP Client says - ClientConnectorError: Cannot connect to host api.telegram.org:443 ssl:default [Network is unreachable]
Sleep for 5.059074 seconds and try again... (tryings = 75, bot id = 7627679568)
Failed to fetch updates - TelegramNetworkError: HTTP Client says - ClientConnectorError: Cannot connect to host api.telegram.org:443 ssl:default [Network is unreachable]
Sleep for 5.016567 seconds and try again... (tryings = 76, bot id = 7627679568)
Failed to fetch updates - TelegramNetworkError: HTTP Client says - ClientConnectorError: Cannot connect to host api.telegram.org:443 ssl:default [Network is unreachable]
Sleep for 5.150037 seconds and try again... (tryings = 77, bot id = 7627679568)
Failed to fetch updates - TelegramNetworkError: HTTP Client says - ClientConnectorError: Cannot connect to host api.telegram.org:443 ssl:default [Network is unreachable]
Sleep for 5.067259 seconds and try again... (tryings = 78, bot id = 7627679568)
Failed to fetch updates - TelegramNetworkError: HTTP Client says - ClientConnectorError: Cannot connect to host api.telegram.org:443 ssl:default [Network is unreachable]
Sleep for 4.952059 seconds and try again... (tryings = 79, bot id = 7627679568)
Failed to fetch updates - TelegramNetworkError: HTTP Client says - ClientConnectorError: Cannot connect to host api.telegram.org:443 ssl:default [Network is unreachable]
Sleep for 4.811026 seconds and try again... (tryings = 80, bot id = 7627679568)
Failed to fetch updates - TelegramNetworkError: HTTP Client says - ClientConnectorError: Cannot connect to host api.telegram.org:443 ssl:default [Network is unreachable]
Sleep for 5.068023 seconds and try again... (tryings = 81, bot id = 7627679568)
Failed to fetch updates - TelegramNetworkError: HTTP Client says - ClientConnectorError: Cannot connect to host api.telegram.org:443 ssl:default [Network is unreachable]
Sleep for 5.030968 seconds and try again... (tryings = 82, bot id = 7627679568)
Failed to fetch updates - TelegramNetworkError: HTTP Client says - ClientConnectorError: Cannot connect to host api.telegram.org:443 ssl:default [Network is unreachable]
Sleep for 4.832754 seconds and try again... (tryings = 83, bot id = 7627679568)
Failed to fetch updates - TelegramNetworkError: HTTP Client says - ClientConnectorError: Cannot connect to host api.telegram.org:443 ssl:default [Network is unreachable]
Sleep for 4.857438 seconds and try again... (tryings = 84, bot id = 7627679568)
Failed to fetch updates - TelegramNetworkError: HTTP Client says - ClientConnectorError: Cannot connect to host api.telegram.org:443 ssl:default [Network is unreachable]
Sleep for 5.141997 seconds and try again... (tryings = 85, bot id = 7627679568)
Failed to fetch updates - TelegramNetworkError: HTTP Client says - ClientConnectorError: Cannot connect to host api.telegram.org:443 ssl:default [Network is unreachable]
Sleep for 4.841055 seconds and try again... (tryings = 86, bot id = 7627679568)
Failed to fetch updates - TelegramNetworkError: HTTP Client says - ClientConnectorError: Cannot connect to host api.telegram.org:443 ssl:default [Network is unreachable]
Sleep for 4.906986 seconds and try again... (tryings = 87, bot id = 7627679568)
Failed to fetch updates - TelegramNetworkError: HTTP Client says - ClientConnectorError: Cannot connect to host api.telegram.org:443 ssl:default [Network is unreachable]
Sleep for 4.820282 seconds and try again... (tryings = 88, bot id = 7627679568)
Failed to fetch updates - TelegramNetworkError: HTTP Client says - ClientConnectorError: Cannot connect to host api.telegram.org:443 ssl:default [Network is unreachable]
Sleep for 5.104835 seconds and try again... (tryings = 89, bot id = 7627679568)
Failed to fetch updates - TelegramNetworkError: HTTP Client says - ClientConnectorError: Cannot connect to host api.telegram.org:443 ssl:default [Network is unreachable]
Sleep for 4.831206 seconds and try again... (tryings = 90, bot id = 7627679568)
Failed to fetch updates - TelegramNetworkError: HTTP Client says - Request timeout error
Sleep for 1.000000 seconds and try again... (tryings = 0, bot id = 7627679568)
Received SIGTERM signal
