2025-09-21 21:24:23,831 - INFO - [plinko_signal] Попытка активации нового бота: dark_27_chanell_bot:
2025-09-21 21:24:23,888 - INFO - [plinko_signal] Бот dark_27_chanell_bot: успешно активирован.
2025-09-21 21:39:26,095 - INFO - [plinko_signal] Попытка завершения работы бота с username dark_27_chanell_bot:.
2025-09-21 21:39:26,097 - INFO - [plinko_signal] Бот с username dark_27_chanell_bot: успешно завершен.
2025-09-21 21:40:07,767 - INFO - [plinko_signal] Попытка активации нового бота: dark_27_chanell_bot:
2025-09-21 21:40:07,787 - INFO - [plinko_signal] Бот dark_27_chanell_bot: успешно активирован.
2025-09-21 21:58:40,505 - INFO - [plinko_signal] Попытка завершения работы бота с username dark_27_chanell_bot.
2025-09-21 21:58:40,508 - INFO - [plinko_signal] Бот с username dark_27_chanell_bot успешно завершен.
2025-09-21 21:59:40,996 - INFO - [plinko_signal] Попытка активации нового бота: dark_27_chanell_bot:
2025-09-21 21:59:41,025 - INFO - [plinko_signal] Бот dark_27_chanell_bot: успешно активирован.
2025-09-21 22:17:37,440 - INFO - [plinko_signal] Попытка завершения работы бота с username dark_27_chanell_bot.
2025-09-21 22:17:37,441 - INFO - [plinko_signal] Бот с username dark_27_chanell_bot успешно завершен.
2025-09-21 22:18:45,707 - INFO - [plinko_signal] Попытка активации нового бота: dark_27_chanell_bot
2025-09-21 22:18:45,734 - INFO - [plinko_signal] Бот dark_27_chanell_bot успешно активирован.
2025-09-21 22:20:45,688 - INFO - [plinko_signal] Попытка завершения работы бота с username dark_27_chanell_bot.
2025-09-21 22:20:45,691 - INFO - [plinko_signal] Бот с username dark_27_chanell_bot успешно завершен.
2025-09-21 22:21:14,087 - INFO - [plinko_signal] Попытка активации нового бота: @dark_27_chanell_bot:
2025-09-21 22:21:14,109 - INFO - [plinko_signal] Бот @dark_27_chanell_bot: успешно активирован.
2025-09-21 22:23:43,468 - INFO - [plinko_signal] Попытка завершения работы бота с username dark_27_chanell_bot.
2025-09-21 22:23:43,471 - INFO - [plinko_signal] Бот с username dark_27_chanell_bot успешно завершен.
2025-09-21 22:24:05,784 - INFO - [plinko_signal] Попытка активации нового бота: dark_27_chanell_bot:
2025-09-21 22:24:05,821 - INFO - [plinko_signal] Бот dark_27_chanell_bot: успешно активирован.
2025-09-21 22:31:17,875 - INFO - [plinko_signal] Попытка завершения работы бота с username dark_27_chanell_bot.
2025-09-21 22:31:17,881 - INFO - [plinko_signal] Бот с username dark_27_chanell_bot успешно завершен.
2025-09-21 22:31:42,654 - INFO - [plinko_signal] Попытка активации нового бота: dark_27_chanell_bot
2025-09-21 22:31:42,680 - INFO - [plinko_signal] Бот dark_27_chanell_bot успешно активирован.
2025-09-22 20:32:43,095 - INFO - [plinko_signal] Попытка завершения работы бота с username dark_27_chanell_bot.
2025-09-22 20:32:43,096 - INFO - [plinko_signal] Бот с username dark_27_chanell_bot успешно завершен.
2025-09-22 20:39:55,457 - INFO - [plinko_signal] Попытка активации нового бота: dark_27_chanell_bot
2025-09-22 20:39:55,537 - INFO - [plinko_signal] Бот dark_27_chanell_bot успешно активирован.
